<?xml version="1.0" encoding="UTF-8"?>
<!-- Generated by org.testng.reporters.JUnitXMLReporter -->
<testsuite hostname="LGDN18-1076-W10" ignored="0" name="TestSuite1" tests="16" failures="5" timestamp="03 Dec 2018 01:04:26 GMT" time="117.812" errors="0">
  <testcase name="@BeforeMethod beforeMethod" time="0.016" classname="Railway.BookTicketTest">
    <failure type="org.openqa.selenium.NoSuchElementException" message="no such element: Unable to locate element: {&amp;quot;method&amp;quot;:&amp;quot;xpath&amp;quot;,&amp;quot;selector&amp;quot;:&amp;quot;//span[normalize-space()=&amp;apos;Login&amp;apos;]&amp;quot;}
  (Session info: chrome=70.0.3538.110)
  (Driver info: chromedriver=2.43.600210 (68dcf5eebde37173d4027fa8635e332711d2874a),platform=Windows NT 10.0.15063 x86_64) (WARNING: The server did not provide any stacktrace information)
Command duration or timeout: 0 milliseconds
For documentation on this error, please visit: http://seleniumhq.org/exceptions/no_such_element.html
Build info: version: &amp;apos;3.141.5&amp;apos;, revision: &amp;apos;d54ebd709a&amp;apos;, time: &amp;apos;2018-11-06T11:42:16&amp;apos;
System info: host: &amp;apos;LGDN18-1076-W10&amp;apos;, ip: &amp;apos;192.168.191.85&amp;apos;, os.name: &amp;apos;Windows 10&amp;apos;, os.arch: &amp;apos;amd64&amp;apos;, os.version: &amp;apos;10.0&amp;apos;, java.version: &amp;apos;1.8.0_191&amp;apos;
Driver info: org.openqa.selenium.chrome.ChromeDriver
Capabilities {acceptInsecureCerts: false, acceptSslCerts: false, applicationCacheEnabled: false, browserConnectionEnabled: false, browserName: chrome, chrome: {chromedriverVersion: 2.43.600210 (68dcf5eebde371..., userDataDir: C:\Users\huy.ho\AppData\Loc...}, cssSelectorsEnabled: true, databaseEnabled: false, goog:chromeOptions: {debuggerAddress: localhost:25022}, handlesAlerts: true, hasTouchScreen: false, javascriptEnabled: true, locationContextEnabled: true, mobileEmulationEnabled: false, nativeEvents: true, networkConnectionEnabled: false, pageLoadStrategy: normal, platform: XP, platformName: XP, rotatable: false, setWindowRect: true, takesHeapSnapshot: true, takesScreenshot: true, unexpectedAlertBehaviour: , unhandledPromptBehavior: , version: 70.0.3538.110, webStorageEnabled: true}
Session ID: 41f10e9e5cca2bcaedc871c42e68d5f6
*** Element info: {Using=xpath, value=//span[normalize-space()=&amp;apos;Login&amp;apos;]}">
      <![CDATA[org.openqa.selenium.NoSuchElementException: no such element: Unable to locate element: {"method":"xpath","selector":"//span[normalize-space()='Login']"}
  (Session info: chrome=70.0.3538.110)
  (Driver info: chromedriver=2.43.600210 (68dcf5eebde37173d4027fa8635e332711d2874a),platform=Windows NT 10.0.15063 x86_64) (WARNING: The server did not provide any stacktrace information)
Command duration or timeout: 0 milliseconds
For documentation on this error, please visit: http://seleniumhq.org/exceptions/no_such_element.html
Build info: version: '3.141.5', revision: 'd54ebd709a', time: '2018-11-06T11:42:16'
System info: host: 'LGDN18-1076-W10', ip: '192.168.191.85', os.name: 'Windows 10', os.arch: 'amd64', os.version: '10.0', java.version: '1.8.0_191'
Driver info: org.openqa.selenium.chrome.ChromeDriver
Capabilities {acceptInsecureCerts: false, acceptSslCerts: false, applicationCacheEnabled: false, browserConnectionEnabled: false, browserName: chrome, chrome: {chromedriverVersion: 2.43.600210 (68dcf5eebde371..., userDataDir: C:\Users\huy.ho\AppData\Loc...}, cssSelectorsEnabled: true, databaseEnabled: false, goog:chromeOptions: {debuggerAddress: localhost:25022}, handlesAlerts: true, hasTouchScreen: false, javascriptEnabled: true, locationContextEnabled: true, mobileEmulationEnabled: false, nativeEvents: true, networkConnectionEnabled: false, pageLoadStrategy: normal, platform: XP, platformName: XP, rotatable: false, setWindowRect: true, takesHeapSnapshot: true, takesScreenshot: true, unexpectedAlertBehaviour: , unhandledPromptBehavior: , version: 70.0.3538.110, webStorageEnabled: true}
Session ID: 41f10e9e5cca2bcaedc871c42e68d5f6
*** Element info: {Using=xpath, value=//span[normalize-space()='Login']}
at org.openqa.selenium.remote.ErrorHandler.createThrowable(ErrorHandler.java:214)
at org.openqa.selenium.remote.ErrorHandler.throwIfResponseFailed(ErrorHandler.java:166)
at org.openqa.selenium.remote.http.JsonHttpResponseCodec.reconstructValue(JsonHttpResponseCodec.java:40)
at org.openqa.selenium.remote.http.AbstractHttpResponseCodec.decode(AbstractHttpResponseCodec.java:80)
at org.openqa.selenium.remote.http.AbstractHttpResponseCodec.decode(AbstractHttpResponseCodec.java:44)
at org.openqa.selenium.remote.HttpCommandExecutor.execute(HttpCommandExecutor.java:158)
at org.openqa.selenium.remote.service.DriverCommandExecutor.execute(DriverCommandExecutor.java:83)
at org.openqa.selenium.remote.RemoteWebDriver.execute(RemoteWebDriver.java:552)
at org.openqa.selenium.remote.RemoteWebDriver.findElement(RemoteWebDriver.java:323)
at org.openqa.selenium.remote.RemoteWebDriver.findElementByXPath(RemoteWebDriver.java:428)
at org.openqa.selenium.By$ByXPath.findElement(By.java:353)
at org.openqa.selenium.remote.RemoteWebDriver.findElement(RemoteWebDriver.java:315)
at Railway.GeneralPage.getTabButton(GeneralPage.java:24)
at Railway.GeneralPage.openTab(GeneralPage.java:28)
at Railway.BookTicketTest.beforeMethod(BookTicketTest.java:21)
... Removed 32 stack frames]]>
    </failure>
  </testcase> <!-- @BeforeMethod beforeMethod -->
  <testcase name="@AfterClass afterClass" time="0.0" classname="Railway.TestBase">
    <skipped/>
  </testcase> <!-- @AfterClass afterClass -->
  <testcase name="@BeforeClass beforeClass" time="0.0" classname="Railway.TestBase">
    <skipped/>
  </testcase> <!-- @BeforeClass beforeClass -->
  <testcase name="@BeforeMethod beforeMethod" time="0.0" classname="Railway.MyTicketTest">
    <skipped/>
  </testcase> <!-- @BeforeMethod beforeMethod -->
  <testcase name="@AfterClass afterClass" time="0.0" classname="Railway.TestBase">
    <skipped/>
  </testcase> <!-- @AfterClass afterClass -->
  <testcase name="TC01" time="3.399" classname="Railway.LoginTest"/>
  <testcase name="TC02" time="0.71" classname="Railway.LoginTest"/>
  <testcase name="TC03" time="0.827" classname="Railway.LoginTest">
    <failure type="java.lang.AssertionError" message="expected [There was a problem with your login and/or errors exist in your form.] but found [Invalid username or password. Please try again.]">
      <![CDATA[java.lang.AssertionError: expected [There was a problem with your login and/or errors exist in your form.] but found [Invalid username or password. Please try again.]
at Railway.LoginTest.TC03(LoginTest.java:39)
... Removed 31 stack frames]]>
    </failure>
  </testcase> <!-- TC03 -->
  <testcase name="TC04" time="1.07" classname="Railway.LoginTest"/>
  <testcase name="TC05" time="3.225" classname="Railway.LoginTest">
    <failure type="java.lang.AssertionError" message="expected [You have used 4 out of 5 login attempts. After all 5 have been used, you will be unable to login for 15 minutes.] but found [Invalid username or password. Please try again.]">
      <![CDATA[java.lang.AssertionError: expected [You have used 4 out of 5 login attempts. After all 5 have been used, you will be unable to login for 15 minutes.] but found [Invalid username or password. Please try again.]
at Railway.LoginTest.TC05(LoginTest.java:51)
... Removed 31 stack frames]]>
    </failure>
  </testcase> <!-- TC05 -->
  <testcase name="TC06" time="4.554" classname="Railway.LoginTest"/>
  <testcase name="TC08" time="0.747" classname="Railway.LoginTest"/>
  <testcase name="TC07" time="4.29" classname="Railway.RegisterTest"/>
  <testcase name="TC10" time="0.864" classname="Railway.RegisterTest"/>
  <testcase name="TC11" time="0.87" classname="Railway.RegisterTest">
    <failure type="java.lang.AssertionError" message="The following asserts failed:
	expected [Invalid password length.] but found [Invalid password length],
	expected [Invalid ID length.] but found [Invalid ID length]">
      <![CDATA[java.lang.AssertionError: The following asserts failed:
expected [Invalid password length.] but found [Invalid password length],
expected [Invalid ID length.] but found [Invalid ID length]
at Railway.RegisterTest.TC11(RegisterTest.java:40)
... Removed 26 stack frames]]>
    </failure>
  </testcase> <!-- TC11 -->
  <testcase name="TC09" time="0.966" classname="Railway.ChangePasswordTest">
    <failure type="java.lang.AssertionError" message="expected [Your password has been updated] but found [Your password has been updated!]">
      <![CDATA[java.lang.AssertionError: expected [Your password has been updated] but found [Your password has been updated!]
at Railway.ChangePasswordTest.TC09(ChangePasswordTest.java:31)
... Removed 31 stack frames]]>
    </failure>
  </testcase> <!-- TC09 -->
  <testcase name="TC12" time="10.637" classname="Railway.ForgotPasswordTest">
    <failure type="java.lang.AssertionError" message="The following asserts failed:
	expected [The password reset token is incorrect or may be expired. Visit the forgot password page to generate a new one.] but found [Could not reset password. Please correct the errors and try again.],
	expected [The password reset token is invalid.] but found [Please enter your password reset token. It should have been sent to you in an email.]">
      <![CDATA[java.lang.AssertionError: The following asserts failed:
expected [The password reset token is incorrect or may be expired. Visit the forgot password page to generate a new one.] but found [Could not reset password. Please correct the errors and try again.],
expected [The password reset token is invalid.] but found [Please enter your password reset token. It should have been sent to you in an email.]
at Railway.ForgotPasswordTest.TC12(ForgotPasswordTest.java:36)
... Removed 26 stack frames]]>
    </failure>
  </testcase> <!-- TC12 -->
  <testcase name="TC13" time="7.451" classname="Railway.ForgotPasswordTest"/>
  <testcase name="TC14" time="2.365" classname="Railway.BookTicketTest"/>
  <testcase name="TC15" time="0.0" classname="Railway.BookTicketTest">
    <skipped/>
  </testcase> <!-- TC15 -->
  <testcase name="TC16" time="0.0" classname="Railway.MyTicketTest">
    <skipped/>
  </testcase> <!-- TC16 -->
</testsuite> <!-- TestSuite1 -->
